{"/Users/ricardo.arcifa/Desktop/Blockchain/React-app/src/App.js": {"path":"/Users/ricardo.arcifa/Desktop/Blockchain/React-app/src/App.js","statementMap":{"0":{"start":{"line":13,"column":2},"end":{"line":38,"column":4}}},"fnMap":{"0":{"name":"App","decl":{"start":{"line":11,"column":9},"end":{"line":11,"column":12}},"loc":{"start":{"line":11,"column":15},"end":{"line":39,"column":1}},"line":11}},"branchMap":{},"s":{"0":1},"f":{"0":1},"b":{},"_coverageSchema":"1a1c01bbd47fc00a2c39e90264f33305004495a9","hash":"8f9ae0fb9ac6075994679348df3852ed56005bfc"}
,"/Users/ricardo.arcifa/Desktop/Blockchain/React-app/src/theme.js": {"path":"/Users/ricardo.arcifa/Desktop/Blockchain/React-app/src/theme.js","statementMap":{"0":{"start":{"line":3,"column":14},"end":{"line":3,"column":32}}},"fnMap":{},"branchMap":{},"s":{"0":6},"f":{},"b":{},"_coverageSchema":"1a1c01bbd47fc00a2c39e90264f33305004495a9","hash":"3507acec849b0bc35e5683e0673f71b1d5cb979c"}
,"/Users/ricardo.arcifa/Desktop/Blockchain/React-app/src/components/FooterComponent.js": {"path":"/Users/ricardo.arcifa/Desktop/Blockchain/React-app/src/components/FooterComponent.js","statementMap":{"0":{"start":{"line":6,"column":4},"end":{"line":23,"column":10}}},"fnMap":{"0":{"name":"(anonymous_0)","decl":{"start":{"line":5,"column":2},"end":{"line":5,"column":3}},"loc":{"start":{"line":5,"column":11},"end":{"line":24,"column":3}},"line":5}},"branchMap":{},"s":{"0":1},"f":{"0":1},"b":{},"_coverageSchema":"1a1c01bbd47fc00a2c39e90264f33305004495a9","hash":"16c4e697f1e6a825feedc20f966cc4bd7b4cfd61"}
,"/Users/ricardo.arcifa/Desktop/Blockchain/React-app/src/components/HeaderComponent.js": {"path":"/Users/ricardo.arcifa/Desktop/Blockchain/React-app/src/components/HeaderComponent.js","statementMap":{"0":{"start":{"line":14,"column":24},"end":{"line":14,"column":34}},"1":{"start":{"line":16,"column":4},"end":{"line":47,"column":16}},"2":{"start":{"line":52,"column":18},"end":{"line":68,"column":2}},"3":{"start":{"line":52,"column":28},"end":{"line":68,"column":1}}},"fnMap":{"0":{"name":"(anonymous_0)","decl":{"start":{"line":11,"column":2},"end":{"line":11,"column":3}},"loc":{"start":{"line":11,"column":11},"end":{"line":48,"column":3}},"line":11},"1":{"name":"(anonymous_1)","decl":{"start":{"line":52,"column":18},"end":{"line":52,"column":19}},"loc":{"start":{"line":52,"column":28},"end":{"line":68,"column":1}},"line":52}},"branchMap":{},"s":{"0":1,"1":1,"2":1,"3":1},"f":{"0":1,"1":1},"b":{},"_coverageSchema":"1a1c01bbd47fc00a2c39e90264f33305004495a9","hash":"6b4de146650c1565c1cf72cd8a8a276fcbb11ddd"}
,"/Users/ricardo.arcifa/Desktop/Blockchain/React-app/src/components/Label.js": {"path":"/Users/ricardo.arcifa/Desktop/Blockchain/React-app/src/components/Label.js","statementMap":{"0":{"start":{"line":6,"column":4},"end":{"line":11,"column":6}}},"fnMap":{"0":{"name":"Label","decl":{"start":{"line":4,"column":9},"end":{"line":4,"column":14}},"loc":{"start":{"line":4,"column":17},"end":{"line":12,"column":1}},"line":4}},"branchMap":{},"s":{"0":41},"f":{"0":41},"b":{},"_coverageSchema":"1a1c01bbd47fc00a2c39e90264f33305004495a9","hash":"a53277ede3094a40a4b1313aad0d3fced98ab515"}
,"/Users/ricardo.arcifa/Desktop/Blockchain/React-app/src/components/MethodOne.js": {"path":"/Users/ricardo.arcifa/Desktop/Blockchain/React-app/src/components/MethodOne.js","statementMap":{"0":{"start":{"line":22,"column":8},"end":{"line":22,"column":20}},"1":{"start":{"line":25,"column":8},"end":{"line":27,"column":9}},"2":{"start":{"line":30,"column":8},"end":{"line":30,"column":54}},"3":{"start":{"line":37,"column":25},"end":{"line":37,"column":49}},"4":{"start":{"line":40,"column":8},"end":{"line":40,"column":35}},"5":{"start":{"line":46,"column":28},"end":{"line":46,"column":38}},"6":{"start":{"line":48,"column":8},"end":{"line":136,"column":9}},"7":{"start":{"line":126,"column":48},"end":{"line":126,"column":98}},"8":{"start":{"line":141,"column":18},"end":{"line":173,"column":2}},"9":{"start":{"line":141,"column":28},"end":{"line":173,"column":1}}},"fnMap":{"0":{"name":"(anonymous_0)","decl":{"start":{"line":21,"column":4},"end":{"line":21,"column":5}},"loc":{"start":{"line":21,"column":23},"end":{"line":31,"column":5}},"line":21},"1":{"name":"(anonymous_1)","decl":{"start":{"line":34,"column":4},"end":{"line":34,"column":5}},"loc":{"start":{"line":34,"column":18},"end":{"line":41,"column":5}},"line":34},"2":{"name":"(anonymous_2)","decl":{"start":{"line":43,"column":4},"end":{"line":43,"column":5}},"loc":{"start":{"line":43,"column":13},"end":{"line":137,"column":5}},"line":43},"3":{"name":"(anonymous_3)","decl":{"start":{"line":126,"column":41},"end":{"line":126,"column":42}},"loc":{"start":{"line":126,"column":47},"end":{"line":126,"column":99}},"line":126},"4":{"name":"(anonymous_4)","decl":{"start":{"line":141,"column":18},"end":{"line":141,"column":19}},"loc":{"start":{"line":141,"column":28},"end":{"line":173,"column":1}},"line":141}},"branchMap":{},"s":{"0":2,"1":2,"2":2,"3":1,"4":1,"5":3,"6":3,"7":0,"8":2,"9":2},"f":{"0":2,"1":1,"2":3,"3":0,"4":2},"b":{},"_coverageSchema":"1a1c01bbd47fc00a2c39e90264f33305004495a9","hash":"4fd5ed4e918836d6d4ea4c345fe8621a1ee3686a"}
,"/Users/ricardo.arcifa/Desktop/Blockchain/React-app/src/components/MethodThree.js": {"path":"/Users/ricardo.arcifa/Desktop/Blockchain/React-app/src/components/MethodThree.js","statementMap":{"0":{"start":{"line":28,"column":8},"end":{"line":28,"column":20}},"1":{"start":{"line":31,"column":8},"end":{"line":37,"column":9}},"2":{"start":{"line":40,"column":8},"end":{"line":40,"column":54}},"3":{"start":{"line":47,"column":24},"end":{"line":47,"column":48}},"4":{"start":{"line":50,"column":21},"end":{"line":50,"column":33}},"5":{"start":{"line":53,"column":16},"end":{"line":53,"column":17}},"6":{"start":{"line":54,"column":16},"end":{"line":54,"column":17}},"7":{"start":{"line":57,"column":26},"end":{"line":57,"column":82}},"8":{"start":{"line":57,"column":57},"end":{"line":57,"column":81}},"9":{"start":{"line":60,"column":22},"end":{"line":60,"column":83}},"10":{"start":{"line":60,"column":48},"end":{"line":60,"column":82}},"11":{"start":{"line":63,"column":22},"end":{"line":63,"column":72}},"12":{"start":{"line":63,"column":42},"end":{"line":63,"column":71}},"13":{"start":{"line":66,"column":25},"end":{"line":66,"column":65}},"14":{"start":{"line":66,"column":43},"end":{"line":66,"column":64}},"15":{"start":{"line":69,"column":22},"end":{"line":69,"column":74}},"16":{"start":{"line":69,"column":46},"end":{"line":69,"column":73}},"17":{"start":{"line":72,"column":27},"end":{"line":72,"column":60}},"18":{"start":{"line":72,"column":45},"end":{"line":72,"column":59}},"19":{"start":{"line":75,"column":28},"end":{"line":75,"column":59}},"20":{"start":{"line":75,"column":46},"end":{"line":75,"column":58}},"21":{"start":{"line":79,"column":29},"end":{"line":81,"column":18}},"22":{"start":{"line":84,"column":28},"end":{"line":86,"column":18}},"23":{"start":{"line":89,"column":8},"end":{"line":89,"column":36}},"24":{"start":{"line":90,"column":8},"end":{"line":90,"column":39}},"25":{"start":{"line":91,"column":8},"end":{"line":91,"column":38}},"26":{"start":{"line":92,"column":8},"end":{"line":92,"column":37}},"27":{"start":{"line":93,"column":8},"end":{"line":93,"column":38}},"28":{"start":{"line":99,"column":28},"end":{"line":99,"column":38}},"29":{"start":{"line":101,"column":8},"end":{"line":432,"column":9}},"30":{"start":{"line":198,"column":56},"end":{"line":198,"column":109}},"31":{"start":{"line":217,"column":56},"end":{"line":217,"column":110}},"32":{"start":{"line":259,"column":40},"end":{"line":263,"column":46}},"33":{"start":{"line":269,"column":36},"end":{"line":287,"column":47}},"34":{"start":{"line":281,"column":64},"end":{"line":281,"column":115}},"35":{"start":{"line":324,"column":40},"end":{"line":328,"column":46}},"36":{"start":{"line":334,"column":36},"end":{"line":356,"column":47}},"37":{"start":{"line":393,"column":40},"end":{"line":397,"column":46}},"38":{"start":{"line":403,"column":36},"end":{"line":425,"column":47}},"39":{"start":{"line":437,"column":18},"end":{"line":469,"column":2}},"40":{"start":{"line":437,"column":28},"end":{"line":469,"column":1}}},"fnMap":{"0":{"name":"(anonymous_0)","decl":{"start":{"line":27,"column":4},"end":{"line":27,"column":5}},"loc":{"start":{"line":27,"column":23},"end":{"line":41,"column":5}},"line":27},"1":{"name":"(anonymous_1)","decl":{"start":{"line":44,"column":4},"end":{"line":44,"column":5}},"loc":{"start":{"line":44,"column":18},"end":{"line":94,"column":5}},"line":44},"2":{"name":"(anonymous_2)","decl":{"start":{"line":57,"column":51},"end":{"line":57,"column":52}},"loc":{"start":{"line":57,"column":57},"end":{"line":57,"column":81}},"line":57},"3":{"name":"(anonymous_3)","decl":{"start":{"line":60,"column":36},"end":{"line":60,"column":37}},"loc":{"start":{"line":60,"column":48},"end":{"line":60,"column":82}},"line":60},"4":{"name":"(anonymous_4)","decl":{"start":{"line":63,"column":32},"end":{"line":63,"column":33}},"loc":{"start":{"line":63,"column":42},"end":{"line":63,"column":71}},"line":63},"5":{"name":"(anonymous_5)","decl":{"start":{"line":66,"column":35},"end":{"line":66,"column":36}},"loc":{"start":{"line":66,"column":43},"end":{"line":66,"column":64}},"line":66},"6":{"name":"(anonymous_6)","decl":{"start":{"line":69,"column":35},"end":{"line":69,"column":36}},"loc":{"start":{"line":69,"column":46},"end":{"line":69,"column":73}},"line":69},"7":{"name":"(anonymous_7)","decl":{"start":{"line":72,"column":37},"end":{"line":72,"column":38}},"loc":{"start":{"line":72,"column":45},"end":{"line":72,"column":59}},"line":72},"8":{"name":"(anonymous_8)","decl":{"start":{"line":75,"column":38},"end":{"line":75,"column":39}},"loc":{"start":{"line":75,"column":46},"end":{"line":75,"column":58}},"line":75},"9":{"name":"(anonymous_9)","decl":{"start":{"line":96,"column":4},"end":{"line":96,"column":5}},"loc":{"start":{"line":96,"column":13},"end":{"line":433,"column":5}},"line":96},"10":{"name":"(anonymous_10)","decl":{"start":{"line":198,"column":49},"end":{"line":198,"column":50}},"loc":{"start":{"line":198,"column":55},"end":{"line":198,"column":110}},"line":198},"11":{"name":"(anonymous_11)","decl":{"start":{"line":217,"column":49},"end":{"line":217,"column":50}},"loc":{"start":{"line":217,"column":55},"end":{"line":217,"column":111}},"line":217},"12":{"name":"(anonymous_12)","decl":{"start":{"line":258,"column":62},"end":{"line":258,"column":63}},"loc":{"start":{"line":259,"column":40},"end":{"line":263,"column":46}},"line":259},"13":{"name":"(anonymous_13)","decl":{"start":{"line":268,"column":58},"end":{"line":268,"column":59}},"loc":{"start":{"line":269,"column":36},"end":{"line":287,"column":47}},"line":269},"14":{"name":"(anonymous_14)","decl":{"start":{"line":281,"column":57},"end":{"line":281,"column":58}},"loc":{"start":{"line":281,"column":63},"end":{"line":281,"column":116}},"line":281},"15":{"name":"(anonymous_15)","decl":{"start":{"line":323,"column":63},"end":{"line":323,"column":64}},"loc":{"start":{"line":324,"column":40},"end":{"line":328,"column":46}},"line":324},"16":{"name":"(anonymous_16)","decl":{"start":{"line":333,"column":59},"end":{"line":333,"column":60}},"loc":{"start":{"line":334,"column":36},"end":{"line":356,"column":47}},"line":334},"17":{"name":"(anonymous_17)","decl":{"start":{"line":392,"column":64},"end":{"line":392,"column":65}},"loc":{"start":{"line":393,"column":40},"end":{"line":397,"column":46}},"line":393},"18":{"name":"(anonymous_18)","decl":{"start":{"line":402,"column":60},"end":{"line":402,"column":61}},"loc":{"start":{"line":403,"column":36},"end":{"line":425,"column":47}},"line":403},"19":{"name":"(anonymous_19)","decl":{"start":{"line":437,"column":18},"end":{"line":437,"column":19}},"loc":{"start":{"line":437,"column":28},"end":{"line":469,"column":1}},"line":437}},"branchMap":{"0":{"loc":{"start":{"line":230,"column":17},"end":{"line":292,"column":27}},"type":"cond-expr","locations":[{"start":{"line":232,"column":20},"end":{"line":291,"column":27}},{"start":{"line":292,"column":22},"end":{"line":292,"column":27}}],"line":230},"1":{"loc":{"start":{"line":295,"column":17},"end":{"line":361,"column":27}},"type":"cond-expr","locations":[{"start":{"line":297,"column":20},"end":{"line":360,"column":27}},{"start":{"line":361,"column":22},"end":{"line":361,"column":27}}],"line":295},"2":{"loc":{"start":{"line":364,"column":17},"end":{"line":430,"column":27}},"type":"cond-expr","locations":[{"start":{"line":366,"column":20},"end":{"line":429,"column":27}},{"start":{"line":430,"column":22},"end":{"line":430,"column":27}}],"line":364}},"s":{"0":2,"1":2,"2":2,"3":1,"4":1,"5":1,"6":1,"7":1,"8":3,"9":1,"10":3,"11":1,"12":3,"13":1,"14":3,"15":1,"16":3,"17":1,"18":3,"19":1,"20":3,"21":1,"22":1,"23":1,"24":1,"25":1,"26":1,"27":1,"28":7,"29":7,"30":0,"31":0,"32":15,"33":15,"34":0,"35":6,"36":6,"37":3,"38":3,"39":2,"40":2},"f":{"0":2,"1":1,"2":3,"3":3,"4":3,"5":3,"6":3,"7":3,"8":3,"9":7,"10":0,"11":0,"12":15,"13":15,"14":0,"15":6,"16":6,"17":3,"18":3,"19":2},"b":{"0":[5,2],"1":[2,5],"2":[1,6]},"_coverageSchema":"1a1c01bbd47fc00a2c39e90264f33305004495a9","hash":"441f0580036d69f95cb5117077a71497b20eacbc"}
,"/Users/ricardo.arcifa/Desktop/Blockchain/React-app/src/components/MethodTwo.js": {"path":"/Users/ricardo.arcifa/Desktop/Blockchain/React-app/src/components/MethodTwo.js","statementMap":{"0":{"start":{"line":27,"column":8},"end":{"line":27,"column":20}},"1":{"start":{"line":30,"column":8},"end":{"line":38,"column":9}},"2":{"start":{"line":41,"column":8},"end":{"line":41,"column":54}},"3":{"start":{"line":48,"column":24},"end":{"line":48,"column":48}},"4":{"start":{"line":51,"column":21},"end":{"line":51,"column":33}},"5":{"start":{"line":54,"column":25},"end":{"line":54,"column":49}},"6":{"start":{"line":57,"column":21},"end":{"line":57,"column":55}},"7":{"start":{"line":60,"column":21},"end":{"line":60,"column":50}},"8":{"start":{"line":63,"column":24},"end":{"line":63,"column":45}},"9":{"start":{"line":66,"column":21},"end":{"line":66,"column":48}},"10":{"start":{"line":69,"column":26},"end":{"line":69,"column":56}},"11":{"start":{"line":72,"column":27},"end":{"line":72,"column":39}},"12":{"start":{"line":75,"column":27},"end":{"line":78,"column":18}},"13":{"start":{"line":81,"column":8},"end":{"line":81,"column":35}},"14":{"start":{"line":82,"column":8},"end":{"line":82,"column":37}},"15":{"start":{"line":83,"column":8},"end":{"line":83,"column":36}},"16":{"start":{"line":84,"column":8},"end":{"line":84,"column":37}},"17":{"start":{"line":85,"column":8},"end":{"line":85,"column":31}},"18":{"start":{"line":86,"column":8},"end":{"line":86,"column":31}},"19":{"start":{"line":87,"column":8},"end":{"line":87,"column":31}},"20":{"start":{"line":93,"column":28},"end":{"line":93,"column":38}},"21":{"start":{"line":95,"column":8},"end":{"line":324,"column":9}},"22":{"start":{"line":173,"column":48},"end":{"line":173,"column":100}},"23":{"start":{"line":215,"column":48},"end":{"line":215,"column":98}},"24":{"start":{"line":329,"column":18},"end":{"line":361,"column":2}},"25":{"start":{"line":329,"column":28},"end":{"line":361,"column":1}}},"fnMap":{"0":{"name":"(anonymous_0)","decl":{"start":{"line":26,"column":4},"end":{"line":26,"column":5}},"loc":{"start":{"line":26,"column":23},"end":{"line":42,"column":5}},"line":26},"1":{"name":"(anonymous_1)","decl":{"start":{"line":45,"column":4},"end":{"line":45,"column":5}},"loc":{"start":{"line":45,"column":18},"end":{"line":88,"column":5}},"line":45},"2":{"name":"(anonymous_2)","decl":{"start":{"line":90,"column":4},"end":{"line":90,"column":5}},"loc":{"start":{"line":90,"column":13},"end":{"line":325,"column":5}},"line":90},"3":{"name":"(anonymous_3)","decl":{"start":{"line":173,"column":41},"end":{"line":173,"column":42}},"loc":{"start":{"line":173,"column":47},"end":{"line":173,"column":101}},"line":173},"4":{"name":"(anonymous_4)","decl":{"start":{"line":215,"column":41},"end":{"line":215,"column":42}},"loc":{"start":{"line":215,"column":47},"end":{"line":215,"column":99}},"line":215},"5":{"name":"(anonymous_5)","decl":{"start":{"line":329,"column":18},"end":{"line":329,"column":19}},"loc":{"start":{"line":329,"column":28},"end":{"line":361,"column":1}},"line":329}},"branchMap":{},"s":{"0":2,"1":2,"2":2,"3":1,"4":1,"5":1,"6":1,"7":1,"8":1,"9":1,"10":1,"11":1,"12":1,"13":1,"14":1,"15":1,"16":1,"17":1,"18":1,"19":1,"20":9,"21":9,"22":0,"23":0,"24":2,"25":2},"f":{"0":2,"1":1,"2":9,"3":0,"4":0,"5":2},"b":{},"_coverageSchema":"1a1c01bbd47fc00a2c39e90264f33305004495a9","hash":"170f70b47636e7faa9ce2173de6b55de92a803cc"}
,"/Users/ricardo.arcifa/Desktop/Blockchain/React-app/src/components/InputList/InputList.js": {"path":"/Users/ricardo.arcifa/Desktop/Blockchain/React-app/src/components/InputList/InputList.js","statementMap":{"0":{"start":{"line":26,"column":38},"end":{"line":26,"column":68}},"1":{"start":{"line":27,"column":32},"end":{"line":27,"column":43}},"2":{"start":{"line":28,"column":42},"end":{"line":28,"column":53}},"3":{"start":{"line":31,"column":25},"end":{"line":33,"column":5}},"4":{"start":{"line":32,"column":8},"end":{"line":32,"column":34}},"5":{"start":{"line":36,"column":20},"end":{"line":36,"column":31}},"6":{"start":{"line":39,"column":30},"end":{"line":47,"column":5}},"7":{"start":{"line":40,"column":32},"end":{"line":40,"column":40}},"8":{"start":{"line":41,"column":21},"end":{"line":41,"column":35}},"9":{"start":{"line":42,"column":8},"end":{"line":42,"column":34}},"10":{"start":{"line":43,"column":8},"end":{"line":43,"column":27}},"11":{"start":{"line":46,"column":8},"end":{"line":46,"column":34}},"12":{"start":{"line":50,"column":30},"end":{"line":54,"column":5}},"13":{"start":{"line":51,"column":21},"end":{"line":51,"column":35}},"14":{"start":{"line":52,"column":8},"end":{"line":52,"column":30}},"15":{"start":{"line":53,"column":8},"end":{"line":53,"column":27}},"16":{"start":{"line":57,"column":27},"end":{"line":59,"column":5}},"17":{"start":{"line":58,"column":8},"end":{"line":58,"column":57}},"18":{"start":{"line":61,"column":24},"end":{"line":102,"column":5}},"19":{"start":{"line":63,"column":24},"end":{"line":63,"column":48}},"20":{"start":{"line":66,"column":21},"end":{"line":66,"column":33}},"21":{"start":{"line":69,"column":16},"end":{"line":69,"column":17}},"22":{"start":{"line":70,"column":16},"end":{"line":70,"column":32}},"23":{"start":{"line":71,"column":8},"end":{"line":71,"column":25}},"24":{"start":{"line":74,"column":26},"end":{"line":74,"column":82}},"25":{"start":{"line":74,"column":57},"end":{"line":74,"column":81}},"26":{"start":{"line":77,"column":22},"end":{"line":77,"column":83}},"27":{"start":{"line":77,"column":48},"end":{"line":77,"column":82}},"28":{"start":{"line":80,"column":22},"end":{"line":80,"column":72}},"29":{"start":{"line":80,"column":42},"end":{"line":80,"column":71}},"30":{"start":{"line":83,"column":25},"end":{"line":83,"column":65}},"31":{"start":{"line":83,"column":43},"end":{"line":83,"column":64}},"32":{"start":{"line":86,"column":22},"end":{"line":86,"column":74}},"33":{"start":{"line":86,"column":46},"end":{"line":86,"column":73}},"34":{"start":{"line":89,"column":25},"end":{"line":89,"column":40}},"35":{"start":{"line":90,"column":21},"end":{"line":90,"column":35}},"36":{"start":{"line":91,"column":8},"end":{"line":91,"column":78}},"37":{"start":{"line":91,"column":46},"end":{"line":91,"column":76}},"38":{"start":{"line":92,"column":8},"end":{"line":92,"column":47}},"39":{"start":{"line":95,"column":27},"end":{"line":95,"column":60}},"40":{"start":{"line":95,"column":45},"end":{"line":95,"column":59}},"41":{"start":{"line":98,"column":28},"end":{"line":100,"column":18}},"42":{"start":{"line":101,"column":8},"end":{"line":101,"column":36}},"43":{"start":{"line":104,"column":4},"end":{"line":331,"column":6}},"44":{"start":{"line":143,"column":28},"end":{"line":153,"column":38}},"45":{"start":{"line":162,"column":16},"end":{"line":223,"column":18}},"46":{"start":{"line":195,"column":51},"end":{"line":195,"column":74}},"47":{"start":{"line":198,"column":54},"end":{"line":198,"column":71}},"48":{"start":{"line":203,"column":61},"end":{"line":203,"column":104}},"49":{"start":{"line":218,"column":47},"end":{"line":218,"column":67}},"50":{"start":{"line":255,"column":32},"end":{"line":257,"column":43}},"51":{"start":{"line":322,"column":53},"end":{"line":322,"column":95}},"52":{"start":{"line":335,"column":18},"end":{"line":372,"column":3}},"53":{"start":{"line":335,"column":41},"end":{"line":372,"column":1}},"54":{"start":{"line":375,"column":16},"end":{"line":436,"column":1}}},"fnMap":{"0":{"name":"InputList","decl":{"start":{"line":23,"column":24},"end":{"line":23,"column":33}},"loc":{"start":{"line":23,"column":36},"end":{"line":332,"column":1}},"line":23},"1":{"name":"(anonymous_1)","decl":{"start":{"line":31,"column":25},"end":{"line":31,"column":26}},"loc":{"start":{"line":31,"column":32},"end":{"line":33,"column":5}},"line":31},"2":{"name":"(anonymous_2)","decl":{"start":{"line":39,"column":30},"end":{"line":39,"column":31}},"loc":{"start":{"line":39,"column":44},"end":{"line":47,"column":5}},"line":39},"3":{"name":"(anonymous_3)","decl":{"start":{"line":50,"column":30},"end":{"line":50,"column":31}},"loc":{"start":{"line":50,"column":39},"end":{"line":54,"column":5}},"line":50},"4":{"name":"(anonymous_4)","decl":{"start":{"line":57,"column":27},"end":{"line":57,"column":28}},"loc":{"start":{"line":57,"column":33},"end":{"line":59,"column":5}},"line":57},"5":{"name":"(anonymous_5)","decl":{"start":{"line":61,"column":24},"end":{"line":61,"column":25}},"loc":{"start":{"line":61,"column":38},"end":{"line":102,"column":5}},"line":61},"6":{"name":"(anonymous_6)","decl":{"start":{"line":74,"column":51},"end":{"line":74,"column":52}},"loc":{"start":{"line":74,"column":57},"end":{"line":74,"column":81}},"line":74},"7":{"name":"(anonymous_7)","decl":{"start":{"line":77,"column":36},"end":{"line":77,"column":37}},"loc":{"start":{"line":77,"column":48},"end":{"line":77,"column":82}},"line":77},"8":{"name":"(anonymous_8)","decl":{"start":{"line":80,"column":32},"end":{"line":80,"column":33}},"loc":{"start":{"line":80,"column":42},"end":{"line":80,"column":71}},"line":80},"9":{"name":"(anonymous_9)","decl":{"start":{"line":83,"column":35},"end":{"line":83,"column":36}},"loc":{"start":{"line":83,"column":43},"end":{"line":83,"column":64}},"line":83},"10":{"name":"(anonymous_10)","decl":{"start":{"line":86,"column":35},"end":{"line":86,"column":36}},"loc":{"start":{"line":86,"column":46},"end":{"line":86,"column":73}},"line":86},"11":{"name":"(anonymous_11)","decl":{"start":{"line":91,"column":38},"end":{"line":91,"column":39}},"loc":{"start":{"line":91,"column":46},"end":{"line":91,"column":76}},"line":91},"12":{"name":"(anonymous_12)","decl":{"start":{"line":95,"column":37},"end":{"line":95,"column":38}},"loc":{"start":{"line":95,"column":45},"end":{"line":95,"column":59}},"line":95},"13":{"name":"(anonymous_13)","decl":{"start":{"line":141,"column":39},"end":{"line":141,"column":40}},"loc":{"start":{"line":141,"column":49},"end":{"line":154,"column":25}},"line":141},"14":{"name":"(anonymous_14)","decl":{"start":{"line":161,"column":27},"end":{"line":161,"column":28}},"loc":{"start":{"line":161,"column":37},"end":{"line":224,"column":13}},"line":161},"15":{"name":"(anonymous_15)","decl":{"start":{"line":195,"column":46},"end":{"line":195,"column":47}},"loc":{"start":{"line":195,"column":51},"end":{"line":195,"column":74}},"line":195},"16":{"name":"(anonymous_16)","decl":{"start":{"line":198,"column":49},"end":{"line":198,"column":50}},"loc":{"start":{"line":198,"column":54},"end":{"line":198,"column":71}},"line":198},"17":{"name":"(anonymous_17)","decl":{"start":{"line":203,"column":53},"end":{"line":203,"column":54}},"loc":{"start":{"line":203,"column":59},"end":{"line":203,"column":106}},"line":203},"18":{"name":"(anonymous_18)","decl":{"start":{"line":218,"column":41},"end":{"line":218,"column":42}},"loc":{"start":{"line":218,"column":47},"end":{"line":218,"column":67}},"line":218},"19":{"name":"(anonymous_19)","decl":{"start":{"line":254,"column":41},"end":{"line":254,"column":42}},"loc":{"start":{"line":255,"column":32},"end":{"line":257,"column":43}},"line":255},"20":{"name":"(anonymous_20)","decl":{"start":{"line":322,"column":45},"end":{"line":322,"column":46}},"loc":{"start":{"line":322,"column":51},"end":{"line":322,"column":97}},"line":322},"21":{"name":"(anonymous_21)","decl":{"start":{"line":335,"column":29},"end":{"line":335,"column":30}},"loc":{"start":{"line":335,"column":41},"end":{"line":372,"column":1}},"line":335}},"branchMap":{"0":{"loc":{"start":{"line":143,"column":35},"end":{"line":153,"column":38}},"type":"binary-expr","locations":[{"start":{"line":144,"column":32},"end":{"line":152,"column":39}},{"start":{"line":153,"column":33},"end":{"line":153,"column":38}}],"line":143},"1":{"loc":{"start":{"line":145,"column":37},"end":{"line":151,"column":95}},"type":"binary-expr","locations":[{"start":{"line":145,"column":37},"end":{"line":145,"column":63}},{"start":{"line":145,"column":67},"end":{"line":151,"column":95}}],"line":145},"2":{"loc":{"start":{"line":217,"column":29},"end":{"line":220,"column":107}},"type":"binary-expr","locations":[{"start":{"line":217,"column":29},"end":{"line":217,"column":51}},{"start":{"line":217,"column":55},"end":{"line":220,"column":107}}],"line":217}},"s":{"0":4,"1":4,"2":4,"3":4,"4":0,"5":4,"6":4,"7":0,"8":0,"9":0,"10":0,"11":0,"12":4,"13":0,"14":0,"15":0,"16":4,"17":0,"18":4,"19":2,"20":2,"21":2,"22":2,"23":2,"24":2,"25":2,"26":2,"27":2,"28":2,"29":2,"30":2,"31":2,"32":2,"33":2,"34":2,"35":2,"36":2,"37":2,"38":2,"39":2,"40":2,"41":2,"42":2,"43":4,"44":4,"45":4,"46":0,"47":2,"48":0,"49":0,"50":60,"51":0,"52":2,"53":2,"54":2},"f":{"0":4,"1":0,"2":0,"3":0,"4":0,"5":2,"6":2,"7":2,"8":2,"9":2,"10":2,"11":2,"12":2,"13":4,"14":4,"15":0,"16":2,"17":0,"18":0,"19":60,"20":0,"21":2},"b":{"0":[4,0],"1":[4,4],"2":[4,0]},"_coverageSchema":"1a1c01bbd47fc00a2c39e90264f33305004495a9","hash":"c8fdd6eed20826f1cae2ce9ed911cad71b2f12b6"}
}
