TN:
SF:src/App.js
FN:11,App
FNF:1
FNH:1
FNDA:1,App
DA:13,1
LF:1
LH:1
BRF:0
BRH:0
end_of_record
TN:
SF:src/theme.js
FNF:0
FNH:0
DA:3,6
LF:1
LH:1
BRF:0
BRH:0
end_of_record
TN:
SF:src/components/FooterComponent.js
FN:5,(anonymous_0)
FNF:1
FNH:1
FNDA:1,(anonymous_0)
DA:6,1
LF:1
LH:1
BRF:0
BRH:0
end_of_record
TN:
SF:src/components/HeaderComponent.js
FN:11,(anonymous_0)
FN:52,(anonymous_1)
FNF:2
FNH:2
FNDA:1,(anonymous_0)
FNDA:1,(anonymous_1)
DA:14,1
DA:16,1
DA:52,1
LF:3
LH:3
BRF:0
BRH:0
end_of_record
TN:
SF:src/components/Label.js
FN:4,Label
FNF:1
FNH:1
FNDA:41,Label
DA:6,41
LF:1
LH:1
BRF:0
BRH:0
end_of_record
TN:
SF:src/components/MethodOne.js
FN:21,(anonymous_0)
FN:34,(anonymous_1)
FN:43,(anonymous_2)
FN:126,(anonymous_3)
FN:141,(anonymous_4)
FNF:5
FNH:4
FNDA:2,(anonymous_0)
FNDA:1,(anonymous_1)
FNDA:3,(anonymous_2)
FNDA:0,(anonymous_3)
FNDA:2,(anonymous_4)
DA:22,2
DA:25,2
DA:30,2
DA:37,1
DA:40,1
DA:46,3
DA:48,3
DA:126,0
DA:141,2
LF:9
LH:8
BRF:0
BRH:0
end_of_record
TN:
SF:src/components/MethodThree.js
FN:27,(anonymous_0)
FN:44,(anonymous_1)
FN:57,(anonymous_2)
FN:60,(anonymous_3)
FN:63,(anonymous_4)
FN:66,(anonymous_5)
FN:69,(anonymous_6)
FN:72,(anonymous_7)
FN:75,(anonymous_8)
FN:96,(anonymous_9)
FN:198,(anonymous_10)
FN:217,(anonymous_11)
FN:258,(anonymous_12)
FN:268,(anonymous_13)
FN:281,(anonymous_14)
FN:323,(anonymous_15)
FN:333,(anonymous_16)
FN:392,(anonymous_17)
FN:402,(anonymous_18)
FN:437,(anonymous_19)
FNF:20
FNH:17
FNDA:2,(anonymous_0)
FNDA:1,(anonymous_1)
FNDA:3,(anonymous_2)
FNDA:3,(anonymous_3)
FNDA:3,(anonymous_4)
FNDA:3,(anonymous_5)
FNDA:3,(anonymous_6)
FNDA:3,(anonymous_7)
FNDA:3,(anonymous_8)
FNDA:7,(anonymous_9)
FNDA:0,(anonymous_10)
FNDA:0,(anonymous_11)
FNDA:15,(anonymous_12)
FNDA:15,(anonymous_13)
FNDA:0,(anonymous_14)
FNDA:6,(anonymous_15)
FNDA:6,(anonymous_16)
FNDA:3,(anonymous_17)
FNDA:3,(anonymous_18)
FNDA:2,(anonymous_19)
DA:28,2
DA:31,2
DA:40,2
DA:47,1
DA:50,1
DA:53,1
DA:54,1
DA:57,3
DA:60,3
DA:63,3
DA:66,3
DA:69,3
DA:72,3
DA:75,3
DA:79,1
DA:84,1
DA:89,1
DA:90,1
DA:91,1
DA:92,1
DA:93,1
DA:99,7
DA:101,7
DA:198,0
DA:217,0
DA:259,15
DA:269,15
DA:281,0
DA:324,6
DA:334,6
DA:393,3
DA:403,3
DA:437,2
LF:33
LH:30
BRDA:230,0,0,5
BRDA:230,0,1,2
BRDA:295,1,0,2
BRDA:295,1,1,5
BRDA:364,2,0,1
BRDA:364,2,1,6
BRF:6
BRH:6
end_of_record
TN:
SF:src/components/MethodTwo.js
FN:26,(anonymous_0)
FN:45,(anonymous_1)
FN:90,(anonymous_2)
FN:173,(anonymous_3)
FN:215,(anonymous_4)
FN:329,(anonymous_5)
FNF:6
FNH:4
FNDA:2,(anonymous_0)
FNDA:1,(anonymous_1)
FNDA:9,(anonymous_2)
FNDA:0,(anonymous_3)
FNDA:0,(anonymous_4)
FNDA:2,(anonymous_5)
DA:27,2
DA:30,2
DA:41,2
DA:48,1
DA:51,1
DA:54,1
DA:57,1
DA:60,1
DA:63,1
DA:66,1
DA:69,1
DA:72,1
DA:75,1
DA:81,1
DA:82,1
DA:83,1
DA:84,1
DA:85,1
DA:86,1
DA:87,1
DA:93,9
DA:95,9
DA:173,0
DA:215,0
DA:329,2
LF:25
LH:23
BRF:0
BRH:0
end_of_record
TN:
SF:src/components/InputList/InputList.js
FN:23,InputList
FN:31,(anonymous_1)
FN:39,(anonymous_2)
FN:50,(anonymous_3)
FN:57,(anonymous_4)
FN:61,(anonymous_5)
FN:74,(anonymous_6)
FN:77,(anonymous_7)
FN:80,(anonymous_8)
FN:83,(anonymous_9)
FN:86,(anonymous_10)
FN:91,(anonymous_11)
FN:95,(anonymous_12)
FN:141,(anonymous_13)
FN:161,(anonymous_14)
FN:195,(anonymous_15)
FN:198,(anonymous_16)
FN:203,(anonymous_17)
FN:218,(anonymous_18)
FN:254,(anonymous_19)
FN:322,(anonymous_20)
FN:335,(anonymous_21)
FNF:22
FNH:14
FNDA:4,InputList
FNDA:0,(anonymous_1)
FNDA:0,(anonymous_2)
FNDA:0,(anonymous_3)
FNDA:0,(anonymous_4)
FNDA:2,(anonymous_5)
FNDA:2,(anonymous_6)
FNDA:2,(anonymous_7)
FNDA:2,(anonymous_8)
FNDA:2,(anonymous_9)
FNDA:2,(anonymous_10)
FNDA:2,(anonymous_11)
FNDA:2,(anonymous_12)
FNDA:4,(anonymous_13)
FNDA:4,(anonymous_14)
FNDA:0,(anonymous_15)
FNDA:2,(anonymous_16)
FNDA:0,(anonymous_17)
FNDA:0,(anonymous_18)
FNDA:60,(anonymous_19)
FNDA:0,(anonymous_20)
FNDA:2,(anonymous_21)
DA:26,4
DA:27,4
DA:28,4
DA:31,4
DA:32,0
DA:36,4
DA:39,4
DA:40,0
DA:41,0
DA:42,0
DA:43,0
DA:46,0
DA:50,4
DA:51,0
DA:52,0
DA:53,0
DA:57,4
DA:58,0
DA:61,4
DA:63,2
DA:66,2
DA:69,2
DA:70,2
DA:71,2
DA:74,2
DA:77,2
DA:80,2
DA:83,2
DA:86,2
DA:89,2
DA:90,2
DA:91,2
DA:92,2
DA:95,2
DA:98,2
DA:101,2
DA:104,4
DA:143,4
DA:162,4
DA:195,0
DA:198,2
DA:203,0
DA:218,0
DA:255,60
DA:322,0
DA:335,2
DA:375,2
LF:47
LH:33
BRDA:143,0,0,4
BRDA:143,0,1,0
BRDA:145,1,0,4
BRDA:145,1,1,4
BRDA:217,2,0,4
BRDA:217,2,1,0
BRF:6
BRH:4
end_of_record
